<?xml version="1.0" encoding="UTF-8"?>
<!-- Generated by org.testng.reporters.JUnitReportReporter -->
<testsuite skipped="0" hostname="BDC4-L-6BW0NF2" name="appTests.shopCluetest" tests="1" failures="0" timestamp="2020-05-11T18:22:14 IST" time="295.883" errors="0">
  <testcase name="sc004AddProductToCart" time="295.883" classname="appTests.shopCluetest"/>
</testsuite> <!-- appTests.shopCluetest -->
